
                                                   [1;31;40m╭──────────────────────────────────────────────────╮[0m                                                    
                                                   [1;31;40m│                       FCFS[1;31;40m                       │[0m                                                    
                                                   [1;31;40m│                Memoria No Continua[1;31;40m               │[0m                                                    
                                                   [1;31;40m│               Memoria No Reubicable[1;31;40m              │[0m                                                    
                                                   [1;31;40m│                          [1;31;40m                        │[0m                                                    
                                                   [1;31;40m│                Sistemas Operativos[1;31;40m               │[0m                                                    
                                                   [1;31;40m│                     2019-2020[1;31;40m                    │[0m                                                    
                                                   [1;31;40m│                          [1;31;40m                        │[0m                                                    
                                                   [1;31;40m│                    Jorge Ruiz[1;31;40m                    │[0m                                                    
                                                   [1;31;40m│                     Ivan Ruiz[1;31;40m                    │[0m                                                    
                                                   [1;31;40m╰──────────────────────────────────────────────────╯[0m                                                    

                                                   [1;37;40m╭──────────────────────────────────────────────────╮[0m                                                    
                                                   [1;37;40m│                  MENÚ PRINCIPAL[1;37;40m                  │[0m                                                    
                                                   [1;37;40m╰──────────────────────────────────────────────────╯[0m                                                    

                                                   [1;32;40m╭──────────────────────────────────────────────────╮[0m                                                    
                                                   [1;32;40m│          1.- Entrada manual por teclado[1;32;40m          │[0m                                                    
                                                   [1;32;40m│        2.- Entrada automática por archivo[1;32;40m        │[0m                                                    
                                                   [1;32;40m│   3.- Entrada automática con valores aleatorios[1;32;40m  │[0m                                                    
                                                   [1;32;40m│                     4.- Ayuda[1;32;40m                    │[0m                                                    
                                                   [1;32;40m│                     0.- Salir[1;32;40m                    │[0m                                                    
                                                   [1;32;40m╰──────────────────────────────────────────────────╯[0m                                                    

                                                   [1;30;47m╭──────────────────────────────────────────────────╮[0m                                                    
                                                   [1;30;47m│           Asignación de datos aleatoria[1;30;47m          │[0m                                                    
                                                   [1;30;47m╰──────────────────────────────────────────────────╯[0m                                                    

                                                   [1;30;47m╭──────────────────────────────────────────────────╮[0m                                                    
                                                   [1;30;47m│   ¿Cuántos valores aleatorios quieres generar?[1;30;47m   │[0m                                                    
                                                   [1;30;47m╰──────────────────────────────────────────────────╯[0m                                                    

                          [1;30;42m╭────────────────────────────────────────────────────────────────────────────────────────────────────╮[0m                           
                          [1;30;42m│                                ☑ Ejecutando algoritmo | FCFS-SN-NN ☑[1;30;42m                               │[0m                           
                          [1;30;42m╰────────────────────────────────────────────────────────────────────────────────────────────────────╯[0m                           

                          [1;30;44m╭────────────────────────────────────────────────────────────────────────────────────────────────────╮[0m                           
                          [1;30;44m│                                  Instante 0 - Memoria usada: 13/14[1;30;44m                                 │[0m                           
                          [1;30;44m╰────────────────────────────────────────────────────────────────────────────────────────────────────╯[0m                           

                          [1;37;40m╭────────────────────────────────────────────────────────────────────────────────────────────────────╮[0m                           
                          [1;37;40m│                                          TABLA DE PROCESOS[1;37;40m                                         │[0m                           
                          [1;37;40m╰────────────────────────────────────────────────────────────────────────────────────────────────────╯[0m                           

                         [1;37;40m╭────────────┬────────────┬────────────┬────────────┬────────────┬────────────┬────────────┬────────────╮[0m                         
                         [1;37;40m│   Proceso  │   Llegada  │  Ejecución │   Tamaño   │   Estado   │  Respuesta │   Espera   │  Restante  │[0m                         
                         [1;30;46m├────────────┼────────────┼────────────┼────────────┼────────────┼────────────┼────────────┼────────────┤[0m                         
                         [1;30;46m│     P03    │      0     │      4     │     13     │ Ejecutando │      -     │      0     │      4     │[0m                         
                         [1;30;41m├────────────┼────────────┼────────────┼────────────┼────────────┼────────────┼────────────┼────────────┤[0m                         
                         [1;30;41m│     P01    │      3     │     18     │     15     │    Fuera   │      -     │      -     │     18     │[0m                         
                         [1;30;42m├────────────┼────────────┼────────────┼────────────┼────────────┼────────────┼────────────┼────────────┤[0m                         
                         [1;30;42m│     P05    │     10     │     16     │      3     │    Fuera   │      -     │      -     │     16     │[0m                         
                         [1;30;43m├────────────┼────────────┼────────────┼────────────┼────────────┼────────────┼────────────┼────────────┤[0m                         
                         [1;30;43m│     P02    │     11     │     12     │      5     │    Fuera   │      -     │      -     │     12     │[0m                         
                         [1;30;44m├────────────┼────────────┼────────────┼────────────┼────────────┼────────────┼────────────┼────────────┤[0m                         
                         [1;30;44m│     P04    │     11     │      2     │      6     │    Fuera   │      -     │      -     │      2     │[0m                         
                         [1;30;44m╰────────────┴────────────┴────────────┴────────────┴────────────┴────────────┴────────────┴────────────╯[0m                         

                          [1;30;44m╭────────────────────────────────────────────────────────────────────────────────────────────────────╮[0m                           
                          [1;30;44m│                   Tiempo Medio de Respuesta: 0,00 - Tiempo Medio de Espera: 0,00[1;30;44m                   │[0m                           
                          [1;30;44m╰────────────────────────────────────────────────────────────────────────────────────────────────────╯[0m                           

                          [1;37;40m╭────────────────────────────────────────────────────────────────────────────────────────────────────╮[0m                           
                          [1;37;40m│                                           USO DE MEMORIA[1;37;40m                                           │[0m                           
                          [1;37;40m╰────────────────────────────────────────────────────────────────────────────────────────────────────╯[0m                           

                    [1;30;46m P1 [0m[1;30;41m P2 [0m[1;30;42m P3 [0m[1;30;43m P4 [0m[1;30;44m P5 [0m[1;30;45m P6 [0m[1;37;41m Vacio [0m                    

                          [1;37;40m╭────────────────────────────────────────────────────────────────────────────────────────────────────╮[0m                           
                          [1;37;40m│                                           LINEA DE TIEMPO[1;37;40m                                          │[0m                           
                          [1;37;40m╰────────────────────────────────────────────────────────────────────────────────────────────────────╯[0m                           

                                                                        [1;30;46m 0 P03  0 [0m                                                                         

                          [1;30;44m╭────────────────────────────────────────────────────────────────────────────────────────────────────╮[0m                           
                          [1;30;44m│                                  Instante 3 - Memoria usada: 13/14[1;30;44m                                 │[0m                           
                          [1;30;44m╰────────────────────────────────────────────────────────────────────────────────────────────────────╯[0m                           

                          [1;37;40m╭────────────────────────────────────────────────────────────────────────────────────────────────────╮[0m                           
                          [1;37;40m│                                          TABLA DE PROCESOS[1;37;40m                                         │[0m                           
                          [1;37;40m╰────────────────────────────────────────────────────────────────────────────────────────────────────╯[0m                           

                         [1;37;40m╭────────────┬────────────┬────────────┬────────────┬────────────┬────────────┬────────────┬────────────╮[0m                         
                         [1;37;40m│   Proceso  │   Llegada  │  Ejecución │   Tamaño   │   Estado   │  Respuesta │   Espera   │  Restante  │[0m                         
                         [1;30;46m├────────────┼────────────┼────────────┼────────────┼────────────┼────────────┼────────────┼────────────┤[0m                         
                         [1;30;46m│     P03    │      0     │      4     │     13     │ Ejecutando │      -     │      0     │      1     │[0m                         
                         [1;30;41m├────────────┼────────────┼────────────┼────────────┼────────────┼────────────┼────────────┼────────────┤[0m                         
                         [1;30;41m│     P01    │      3     │     18     │     15     │  Bloqueado │      -     │      -     │     18     │[0m                         
                         [1;30;42m├────────────┼────────────┼────────────┼────────────┼────────────┼────────────┼────────────┼────────────┤[0m                         
                         [1;30;42m│     P05    │     10     │     16     │      3     │    Fuera   │      -     │      -     │     16     │[0m                         
                         [1;30;43m├────────────┼────────────┼────────────┼────────────┼────────────┼────────────┼────────────┼────────────┤[0m                         
                         [1;30;43m│     P02    │     11     │     12     │      5     │    Fuera   │      -     │      -     │     12     │[0m                         
                         [1;30;44m├────────────┼────────────┼────────────┼────────────┼────────────┼────────────┼────────────┼────────────┤[0m                         
                         [1;30;44m│     P04    │     11     │      2     │      6     │    Fuera   │      -     │      -     │      2     │[0m                         
                         [1;30;44m╰────────────┴────────────┴────────────┴────────────┴────────────┴────────────┴────────────┴────────────╯[0m                         

                          [1;30;44m╭────────────────────────────────────────────────────────────────────────────────────────────────────╮[0m                           
                          [1;30;44m│                   Tiempo Medio de Respuesta: 0,00 - Tiempo Medio de Espera: 0,00[1;30;44m                   │[0m                           
                          [1;30;44m╰────────────────────────────────────────────────────────────────────────────────────────────────────╯[0m                           

                          [1;37;40m╭────────────────────────────────────────────────────────────────────────────────────────────────────╮[0m                           
                          [1;37;40m│                                           USO DE MEMORIA[1;37;40m                                           │[0m                           
                          [1;37;40m╰────────────────────────────────────────────────────────────────────────────────────────────────────╯[0m                           

                    [1;30;46m P1 [0m[1;30;41m P2 [0m[1;30;42m P3 [0m[1;30;43m P4 [0m[1;30;44m P5 [0m[1;30;45m P6 [0m[1;37;41m Vacio [0m                    

                          [1;37;40m╭────────────────────────────────────────────────────────────────────────────────────────────────────╮[0m                           
                          [1;37;40m│                                           LINEA DE TIEMPO[1;37;40m                                          │[0m                           
                          [1;37;40m╰────────────────────────────────────────────────────────────────────────────────────────────────────╯[0m                           

                                                                       [1;30;46m 0 P03     3 [0m                                                                       

                          [1;30;44m╭────────────────────────────────────────────────────────────────────────────────────────────────────╮[0m                           
                          [1;30;44m│                                  Instante 4 - Memoria usada: 0/14[1;30;44m                                  │[0m                           
                          [1;30;44m╰────────────────────────────────────────────────────────────────────────────────────────────────────╯[0m                           

                          [1;37;40m╭────────────────────────────────────────────────────────────────────────────────────────────────────╮[0m                           
                          [1;37;40m│                                          TABLA DE PROCESOS[1;37;40m                                         │[0m                           
                          [1;37;40m╰────────────────────────────────────────────────────────────────────────────────────────────────────╯[0m                           

                         [1;37;40m╭────────────┬────────────┬────────────┬────────────┬────────────┬────────────┬────────────┬────────────╮[0m                         
                         [1;37;40m│   Proceso  │   Llegada  │  Ejecución │   Tamaño   │   Estado   │  Respuesta │   Espera   │  Restante  │[0m                         
                         [1;30;46m├────────────┼────────────┼────────────┼────────────┼────────────┼────────────┼────────────┼────────────┤[0m                         
                         [1;30;46m│     P03    │      0     │      4     │     13     │  Terminado │      4     │      0     │      0     │[0m                         
                         [1;30;41m├────────────┼────────────┼────────────┼────────────┼────────────┼────────────┼────────────┼────────────┤[0m                         
                         [1;30;41m│     P01    │      3     │     18     │     15     │  Bloqueado │      -     │      -     │     18     │[0m                         
                         [1;30;42m├────────────┼────────────┼────────────┼────────────┼────────────┼────────────┼────────────┼────────────┤[0m                         
                         [1;30;42m│     P05    │     10     │     16     │      3     │    Fuera   │      -     │      -     │     16     │[0m                         
                         [1;30;43m├────────────┼────────────┼────────────┼────────────┼────────────┼────────────┼────────────┼────────────┤[0m                         
                         [1;30;43m│     P02    │     11     │     12     │      5     │    Fuera   │      -     │      -     │     12     │[0m                         
                         [1;30;44m├────────────┼────────────┼────────────┼────────────┼────────────┼────────────┼────────────┼────────────┤[0m                         
                         [1;30;44m│     P04    │     11     │      2     │      6     │    Fuera   │      -     │      -     │      2     │[0m                         
                         [1;30;44m╰────────────┴────────────┴────────────┴────────────┴────────────┴────────────┴────────────┴────────────╯[0m                         

                          [1;30;44m╭────────────────────────────────────────────────────────────────────────────────────────────────────╮[0m                           
                          [1;30;44m│                   Tiempo Medio de Respuesta: 0,80 - Tiempo Medio de Espera: 0,00[1;30;44m                   │[0m                           
                          [1;30;44m╰────────────────────────────────────────────────────────────────────────────────────────────────────╯[0m                           

                          [1;37;40m╭────────────────────────────────────────────────────────────────────────────────────────────────────╮[0m                           
                          [1;37;40m│                                           USO DE MEMORIA[1;37;40m                                           │[0m                           
                          [1;37;40m╰────────────────────────────────────────────────────────────────────────────────────────────────────╯[0m                           

                    [1;30;46m P1 [0m[1;30;41m P2 [0m[1;30;42m P3 [0m[1;30;43m P4 [0m[1;30;44m P5 [0m[1;30;45m P6 [0m[1;37;41m Vacio [0m                    

                          [1;37;40m╭────────────────────────────────────────────────────────────────────────────────────────────────────╮[0m                           
                          [1;37;40m│                                           LINEA DE TIEMPO[1;37;40m                                          │[0m                           
                          [1;37;40m╰────────────────────────────────────────────────────────────────────────────────────────────────────╯[0m                           

                                                                      [1;30;46m 0 P03      4 [0m                                                                       

                          [1;30;44m╭────────────────────────────────────────────────────────────────────────────────────────────────────╮[0m                           
                          [1;30;44m│                                  Instante 10 - Memoria usada: 3/14[1;30;44m                                 │[0m                           
                          [1;30;44m╰────────────────────────────────────────────────────────────────────────────────────────────────────╯[0m                           

                          [1;37;40m╭────────────────────────────────────────────────────────────────────────────────────────────────────╮[0m                           
                          [1;37;40m│                                          TABLA DE PROCESOS[1;37;40m                                         │[0m                           
                          [1;37;40m╰────────────────────────────────────────────────────────────────────────────────────────────────────╯[0m                           

                         [1;37;40m╭────────────┬────────────┬────────────┬────────────┬────────────┬────────────┬────────────┬────────────╮[0m                         
                         [1;37;40m│   Proceso  │   Llegada  │  Ejecución │   Tamaño   │   Estado   │  Respuesta │   Espera   │  Restante  │[0m                         
                         [1;30;46m├────────────┼────────────┼────────────┼────────────┼────────────┼────────────┼────────────┼────────────┤[0m                         
                         [1;30;46m│     P03    │      0     │      4     │     13     │  Terminado │      4     │      0     │      0     │[0m                         
                         [1;30;41m├────────────┼────────────┼────────────┼────────────┼────────────┼────────────┼────────────┼────────────┤[0m                         
                         [1;30;41m│     P01    │      3     │     18     │     15     │  Bloqueado │      -     │      -     │     18     │[0m                         
                         [1;30;42m├────────────┼────────────┼────────────┼────────────┼────────────┼────────────┼────────────┼────────────┤[0m                         
                         [1;30;42m│     P05    │     10     │     16     │      3     │ Ejecutando │      -     │      0     │     16     │[0m                         
                         [1;30;43m├────────────┼────────────┼────────────┼────────────┼────────────┼────────────┼────────────┼────────────┤[0m                         
                         [1;30;43m│     P02    │     11     │     12     │      5     │    Fuera   │      -     │      -     │     12     │[0m                         
                         [1;30;44m├────────────┼────────────┼────────────┼────────────┼────────────┼────────────┼────────────┼────────────┤[0m                         
                         [1;30;44m│     P04    │     11     │      2     │      6     │    Fuera   │      -     │      -     │      2     │[0m                         
                         [1;30;44m╰────────────┴────────────┴────────────┴────────────┴────────────┴────────────┴────────────┴────────────╯[0m                         

                          [1;30;44m╭────────────────────────────────────────────────────────────────────────────────────────────────────╮[0m                           
                          [1;30;44m│                   Tiempo Medio de Respuesta: 0,80 - Tiempo Medio de Espera: 0,00[1;30;44m                   │[0m                           
                          [1;30;44m╰────────────────────────────────────────────────────────────────────────────────────────────────────╯[0m                           

                          [1;37;40m╭────────────────────────────────────────────────────────────────────────────────────────────────────╮[0m                           
                          [1;37;40m│                                           USO DE MEMORIA[1;37;40m                                           │[0m                           
                          [1;37;40m╰────────────────────────────────────────────────────────────────────────────────────────────────────╯[0m                           

                    [1;30;46m P1 [0m[1;30;41m P2 [0m[1;30;42m P3 [0m[1;30;43m P4 [0m[1;30;44m P5 [0m[1;30;45m P6 [0m[1;37;41m Vacio [0m                    

                          [1;37;40m╭────────────────────────────────────────────────────────────────────────────────────────────────────╮[0m                           
                          [1;37;40m│                                           LINEA DE TIEMPO[1;37;40m                                          │[0m                           
                          [1;37;40m╰────────────────────────────────────────────────────────────────────────────────────────────────────╯[0m                           

                                                          [1;30;46m 0 P03      4 [0m[1;30;42m 0 P05  10 [0m                                                          

                          [1;30;44m╭────────────────────────────────────────────────────────────────────────────────────────────────────╮[0m                           
                          [1;30;44m│                                 Instante 11 - Memoria usada: 14/14[1;30;44m                                 │[0m                           
                          [1;30;44m╰────────────────────────────────────────────────────────────────────────────────────────────────────╯[0m                           

                          [1;37;40m╭────────────────────────────────────────────────────────────────────────────────────────────────────╮[0m                           
                          [1;37;40m│                                          TABLA DE PROCESOS[1;37;40m                                         │[0m                           
                          [1;37;40m╰────────────────────────────────────────────────────────────────────────────────────────────────────╯[0m                           

                         [1;37;40m╭────────────┬────────────┬────────────┬────────────┬────────────┬────────────┬────────────┬────────────╮[0m                         
                         [1;37;40m│   Proceso  │   Llegada  │  Ejecución │   Tamaño   │   Estado   │  Respuesta │   Espera   │  Restante  │[0m                         
                         [1;30;46m├────────────┼────────────┼────────────┼────────────┼────────────┼────────────┼────────────┼────────────┤[0m                         
                         [1;30;46m│     P03    │      0     │      4     │     13     │  Terminado │      4     │      0     │      0     │[0m                         
                         [1;30;41m├────────────┼────────────┼────────────┼────────────┼────────────┼────────────┼────────────┼────────────┤[0m                         
                         [1;30;41m│     P01    │      3     │     18     │     15     │  Bloqueado │      -     │      -     │     18     │[0m                         
                         [1;30;42m├────────────┼────────────┼────────────┼────────────┼────────────┼────────────┼────────────┼────────────┤[0m                         
                         [1;30;42m│     P05    │     10     │     16     │      3     │ Ejecutando │      -     │      0     │     15     │[0m                         
                         [1;30;43m├────────────┼────────────┼────────────┼────────────┼────────────┼────────────┼────────────┼────────────┤[0m                         
                         [1;30;43m│     P02    │     11     │     12     │      5     │ En Memoria │      -     │      -     │     12     │[0m                         
                         [1;30;44m├────────────┼────────────┼────────────┼────────────┼────────────┼────────────┼────────────┼────────────┤[0m                         
                         [1;30;44m│     P04    │     11     │      2     │      6     │ En Memoria │      -     │      -     │      2     │[0m                         
                         [1;30;44m╰────────────┴────────────┴────────────┴────────────┴────────────┴────────────┴────────────┴────────────╯[0m                         

                          [1;30;44m╭────────────────────────────────────────────────────────────────────────────────────────────────────╮[0m                           
                          [1;30;44m│                   Tiempo Medio de Respuesta: 0,80 - Tiempo Medio de Espera: 0,00[1;30;44m                   │[0m                           
                          [1;30;44m╰────────────────────────────────────────────────────────────────────────────────────────────────────╯[0m                           

                          [1;37;40m╭────────────────────────────────────────────────────────────────────────────────────────────────────╮[0m                           
                          [1;37;40m│                                           USO DE MEMORIA[1;37;40m                                           │[0m                           
                          [1;37;40m╰────────────────────────────────────────────────────────────────────────────────────────────────────╯[0m                           

                    [1;30;46m P1 [0m[1;30;41m P2 [0m[1;30;42m P3 [0m[1;30;43m P4 [0m[1;30;44m P5 [0m[1;30;45m P6 [0m[1;37;41m Vacio [0m                    

                          [1;37;40m╭────────────────────────────────────────────────────────────────────────────────────────────────────╮[0m                           
                          [1;37;40m│                                           LINEA DE TIEMPO[1;37;40m                                          │[0m                           
                          [1;37;40m╰────────────────────────────────────────────────────────────────────────────────────────────────────╯[0m                           

                                                         [1;30;46m 0 P03      4 [0m[1;30;42m 0 P05   11 [0m                                                          

                          [1;30;44m╭────────────────────────────────────────────────────────────────────────────────────────────────────╮[0m                           
                          [1;30;44m│                                 Instante 26 - Memoria usada: 11/14[1;30;44m                                 │[0m                           
                          [1;30;44m╰────────────────────────────────────────────────────────────────────────────────────────────────────╯[0m                           

                          [1;37;40m╭────────────────────────────────────────────────────────────────────────────────────────────────────╮[0m                           
                          [1;37;40m│                                          TABLA DE PROCESOS[1;37;40m                                         │[0m                           
                          [1;37;40m╰────────────────────────────────────────────────────────────────────────────────────────────────────╯[0m                           

                         [1;37;40m╭────────────┬────────────┬────────────┬────────────┬────────────┬────────────┬────────────┬────────────╮[0m                         
                         [1;37;40m│   Proceso  │   Llegada  │  Ejecución │   Tamaño   │   Estado   │  Respuesta │   Espera   │  Restante  │[0m                         
                         [1;30;46m├────────────┼────────────┼────────────┼────────────┼────────────┼────────────┼────────────┼────────────┤[0m                         
                         [1;30;46m│     P03    │      0     │      4     │     13     │  Terminado │      4     │      0     │      0     │[0m                         
                         [1;30;41m├────────────┼────────────┼────────────┼────────────┼────────────┼────────────┼────────────┼────────────┤[0m                         
                         [1;30;41m│     P01    │      3     │     18     │     15     │  Bloqueado │      -     │      -     │     18     │[0m                         
                         [1;30;42m├────────────┼────────────┼────────────┼────────────┼────────────┼────────────┼────────────┼────────────┤[0m                         
                         [1;30;42m│     P05    │     10     │     16     │      3     │  Terminado │     16     │      0     │      0     │[0m                         
                         [1;30;43m├────────────┼────────────┼────────────┼────────────┼────────────┼────────────┼────────────┼────────────┤[0m                         
                         [1;30;43m│     P02    │     11     │     12     │      5     │ Ejecutando │      -     │     15     │     12     │[0m                         
                         [1;30;44m├────────────┼────────────┼────────────┼────────────┼────────────┼────────────┼────────────┼────────────┤[0m                         
                         [1;30;44m│     P04    │     11     │      2     │      6     │ En Memoria │      -     │      -     │      2     │[0m                         
                         [1;30;44m╰────────────┴────────────┴────────────┴────────────┴────────────┴────────────┴────────────┴────────────╯[0m                         

                          [1;30;44m╭────────────────────────────────────────────────────────────────────────────────────────────────────╮[0m                           
                          [1;30;44m│                   Tiempo Medio de Respuesta: 4,00 - Tiempo Medio de Espera: 3,00[1;30;44m                   │[0m                           
                          [1;30;44m╰────────────────────────────────────────────────────────────────────────────────────────────────────╯[0m                           

                          [1;37;40m╭────────────────────────────────────────────────────────────────────────────────────────────────────╮[0m                           
                          [1;37;40m│                                           USO DE MEMORIA[1;37;40m                                           │[0m                           
                          [1;37;40m╰────────────────────────────────────────────────────────────────────────────────────────────────────╯[0m                           

                    [1;30;46m P1 [0m[1;30;41m P2 [0m[1;30;42m P3 [0m[1;30;43m P4 [0m[1;30;44m P5 [0m[1;30;45m P6 [0m[1;37;41m Vacio [0m                    

                          [1;37;40m╭────────────────────────────────────────────────────────────────────────────────────────────────────╮[0m                           
                          [1;37;40m│                                           LINEA DE TIEMPO[1;37;40m                                          │[0m                           
                          [1;37;40m╰────────────────────────────────────────────────────────────────────────────────────────────────────╯[0m                           

                                     [1;30;46m 0 P03      4 [0m[1;30;42m 0 P05                  16 [0m[1;30;43m 15 P02  26 [0m                                     

                          [1;30;44m╭────────────────────────────────────────────────────────────────────────────────────────────────────╮[0m                           
                          [1;30;44m│                                  Instante 38 - Memoria usada: 6/14[1;30;44m                                 │[0m                           
                          [1;30;44m╰────────────────────────────────────────────────────────────────────────────────────────────────────╯[0m                           

                          [1;37;40m╭────────────────────────────────────────────────────────────────────────────────────────────────────╮[0m                           
                          [1;37;40m│                                          TABLA DE PROCESOS[1;37;40m                                         │[0m                           
                          [1;37;40m╰────────────────────────────────────────────────────────────────────────────────────────────────────╯[0m                           

                         [1;37;40m╭────────────┬────────────┬────────────┬────────────┬────────────┬────────────┬────────────┬────────────╮[0m                         
                         [1;37;40m│   Proceso  │   Llegada  │  Ejecución │   Tamaño   │   Estado   │  Respuesta │   Espera   │  Restante  │[0m                         
                         [1;30;46m├────────────┼────────────┼────────────┼────────────┼────────────┼────────────┼────────────┼────────────┤[0m                         
                         [1;30;46m│     P03    │      0     │      4     │     13     │  Terminado │      4     │      0     │      0     │[0m                         
                         [1;30;41m├────────────┼────────────┼────────────┼────────────┼────────────┼────────────┼────────────┼────────────┤[0m                         
                         [1;30;41m│     P01    │      3     │     18     │     15     │  Bloqueado │      -     │      -     │     18     │[0m                         
                         [1;30;42m├────────────┼────────────┼────────────┼────────────┼────────────┼────────────┼────────────┼────────────┤[0m                         
                         [1;30;42m│     P05    │     10     │     16     │      3     │  Terminado │     16     │      0     │      0     │[0m                         
                         [1;30;43m├────────────┼────────────┼────────────┼────────────┼────────────┼────────────┼────────────┼────────────┤[0m                         
                         [1;30;43m│     P02    │     11     │     12     │      5     │  Terminado │     27     │     15     │      0     │[0m                         
                         [1;30;44m├────────────┼────────────┼────────────┼────────────┼────────────┼────────────┼────────────┼────────────┤[0m                         
                         [1;30;44m│     P04    │     11     │      2     │      6     │ Ejecutando │      -     │     27     │      2     │[0m                         
                         [1;30;44m╰────────────┴────────────┴────────────┴────────────┴────────────┴────────────┴────────────┴────────────╯[0m                         

                          [1;30;44m╭────────────────────────────────────────────────────────────────────────────────────────────────────╮[0m                           
                          [1;30;44m│                   Tiempo Medio de Respuesta: 9,40 - Tiempo Medio de Espera: 8,40[1;30;44m                   │[0m                           
                          [1;30;44m╰────────────────────────────────────────────────────────────────────────────────────────────────────╯[0m                           

                          [1;37;40m╭────────────────────────────────────────────────────────────────────────────────────────────────────╮[0m                           
                          [1;37;40m│                                           USO DE MEMORIA[1;37;40m                                           │[0m                           
                          [1;37;40m╰────────────────────────────────────────────────────────────────────────────────────────────────────╯[0m                           

                    [1;30;46m P1 [0m[1;30;41m P2 [0m[1;30;42m P3 [0m[1;30;43m P4 [0m[1;30;44m P5 [0m[1;30;45m P6 [0m[1;37;41m Vacio [0m                    

                          [1;37;40m╭────────────────────────────────────────────────────────────────────────────────────────────────────╮[0m                           
                          [1;37;40m│                                           LINEA DE TIEMPO[1;37;40m                                          │[0m                           
                          [1;37;40m╰────────────────────────────────────────────────────────────────────────────────────────────────────╯[0m                           

                  [1;30;46m 0 P03      4 [0m[1;30;42m 0 P05                  16 [0m[1;30;43m 15 P02              27 [0m[1;30;44m 27 P04  38 [0m                  

                          [1;30;44m╭────────────────────────────────────────────────────────────────────────────────────────────────────╮[0m                           
                          [1;30;44m│                                  Instante 40 - Memoria usada: 0/14[1;30;44m                                 │[0m                           
                          [1;30;44m╰────────────────────────────────────────────────────────────────────────────────────────────────────╯[0m                           

                          [1;37;40m╭────────────────────────────────────────────────────────────────────────────────────────────────────╮[0m                           
                          [1;37;40m│                                          TABLA DE PROCESOS[1;37;40m                                         │[0m                           
                          [1;37;40m╰────────────────────────────────────────────────────────────────────────────────────────────────────╯[0m                           

                         [1;37;40m╭────────────┬────────────┬────────────┬────────────┬────────────┬────────────┬────────────┬────────────╮[0m                         
                         [1;37;40m│   Proceso  │   Llegada  │  Ejecución │   Tamaño   │   Estado   │  Respuesta │   Espera   │  Restante  │[0m                         
                         [1;30;46m├────────────┼────────────┼────────────┼────────────┼────────────┼────────────┼────────────┼────────────┤[0m                         
                         [1;30;46m│     P03    │      0     │      4     │     13     │  Terminado │      4     │      0     │      0     │[0m                         
                         [1;30;41m├────────────┼────────────┼────────────┼────────────┼────────────┼────────────┼────────────┼────────────┤[0m                         
                         [1;30;41m│     P01    │      3     │     18     │     15     │  Bloqueado │      -     │      -     │     18     │[0m                         
                         [1;30;42m├────────────┼────────────┼────────────┼────────────┼────────────┼────────────┼────────────┼────────────┤[0m                         
                         [1;30;42m│     P05    │     10     │     16     │      3     │  Terminado │     16     │      0     │      0     │[0m                         
                         [1;30;43m├────────────┼────────────┼────────────┼────────────┼────────────┼────────────┼────────────┼────────────┤[0m                         
                         [1;30;43m│     P02    │     11     │     12     │      5     │  Terminado │     27     │     15     │      0     │[0m                         
                         [1;30;44m├────────────┼────────────┼────────────┼────────────┼────────────┼────────────┼────────────┼────────────┤[0m                         
                         [1;30;44m│     P04    │     11     │      2     │      6     │  Terminado │     29     │     27     │      0     │[0m                         
                         [1;30;44m╰────────────┴────────────┴────────────┴────────────┴────────────┴────────────┴────────────┴────────────╯[0m                         

                          [1;30;44m╭────────────────────────────────────────────────────────────────────────────────────────────────────╮[0m                           
                          [1;30;44m│                   Tiempo Medio de Respuesta: 15,20 - Tiempo Medio de Espera: 8,40[1;30;44m                  │[0m                           
                          [1;30;44m╰────────────────────────────────────────────────────────────────────────────────────────────────────╯[0m                           

                          [1;37;40m╭────────────────────────────────────────────────────────────────────────────────────────────────────╮[0m                           
                          [1;37;40m│                                           USO DE MEMORIA[1;37;40m                                           │[0m                           
                          [1;37;40m╰────────────────────────────────────────────────────────────────────────────────────────────────────╯[0m                           

                    [1;30;46m P1 [0m[1;30;41m P2 [0m[1;30;42m P3 [0m[1;30;43m P4 [0m[1;30;44m P5 [0m[1;30;45m P6 [0m[1;37;41m Vacio [0m                    

                          [1;37;40m╭────────────────────────────────────────────────────────────────────────────────────────────────────╮[0m                           
                          [1;37;40m│                                           LINEA DE TIEMPO[1;37;40m                                          │[0m                           
                          [1;37;40m╰────────────────────────────────────────────────────────────────────────────────────────────────────╯[0m                           

                 [1;30;46m 0 P03      4 [0m[1;30;42m 0 P05                  16 [0m[1;30;43m 15 P02              27 [0m[1;30;44m 27 P04    29 [0m                 

                                                   [1;30;42m╭──────────────────────────────────────────────────╮[0m                                                    
                                                   [1;30;42m│       ¡Gracias por usar nuestro algoritmo![1;30;42m       │[0m                                                    
                                                   [1;30;42m│       Visita nuestro repositorio aquí abajo[1;30;42m      │[0m                                                    
                                                   [1;30;42m╰──────────────────────────────────────────────────╯[0m                                                    

                                                         [1;37;40m╭──────────────────────────────────────╮[0m                                                          
                                                         [1;37;40m│   ▄▄▄▄▄▄▄   ▄ ▄▄▄▄   ▄▄  ▄▄ ▄▄▄▄▄▄▄[1;37;40m  │[0m                                                          
                                                         [1;37;40m│   █ ▄▄▄ █ ▀ ▀ ▄█▀█▀ █ ▀▄█▄▀ █ ▄▄▄ █[1;37;40m  │[0m                                                          
                                                         [1;37;40m│   █ ███ █ ▀█▀ ▀ ▀█▄▀ █▄▄█▄  █ ███ █[1;37;40m  │[0m                                                          
                                                         [1;37;40m│   █▄▄▄▄▄█ █▀▄▀█ ▄ ▄ ▄ ▄ ▄ ▄ █▄▄▄▄▄█[1;37;40m  │[0m                                                          
                                                         [1;37;40m│   ▄▄▄▄▄ ▄▄▄█▀█  ▀ █▄█▀▄▀█ ▄▄ ▄ ▄ ▄ [1;37;40m  │[0m                                                          
                                                         [1;37;40m│   ▀▄▄ ▀▄▄▄▄ █ ▀███▄█▀▀█▄ ▀▄ ▀▄▄▄▀█▀[1;37;40m  │[0m                                                          
                                                         [1;37;40m│   █▀██ ▄▄ ▄▄▄ █▀▄█ ▄ ▀ ▀█ ▄█▀▄█▄▀  [1;37;40m  │[0m                                                          
                                                         [1;37;40m│   █▄█ █ ▄ ██▄▄▄  ▀▀  ▀█▀▀  ▄██▄  █▀[1;37;40m  │[0m                                                          
                                                         [1;37;40m│   ▄▄▀▄██▄▄█▄▀█  ▀ ▀▄▀▀▄▀█  █▀█▄ ▀▄ [1;37;40m  │[0m                                                          
                                                         [1;37;40m│    ▀▄▀▄█▄█ █▀ ▀███ ▄▄▀█ ▄▀▄▄█  █ █▀[1;37;40m  │[0m                                                          
                                                         [1;37;40m│   ▄▄▄  ▀▄█ █▀ █▀▄ ▀▄▀▄▀▀██▄▀  ▄ ▀▄ [1;37;40m  │[0m                                                          
                                                         [1;37;40m│   █ █  █▄▄▀██▄▄  ▄█ ▀▀ █▀▀ ▄█▄ █ █▀[1;37;40m  │[0m                                                          
                                                         [1;37;40m│   █ ▄███▄▀█ ▄█  ▀█ ▄ ▄ ▀  █████▀▀ ▄[1;37;40m  │[0m                                                          
                                                         [1;37;40m│   ▄▄▄▄▄▄▄ █▀█ ▀██▄▀ ▀▀█▄▄▄█ ▄ ██▀▄▀[1;37;40m  │[0m                                                          
                                                         [1;37;40m│   █ ▄▄▄ █ ▄█▄ █▀▄▄█▄▄▀▄▀█▀█▄▄▄█▀▀█▀[1;37;40m  │[0m                                                          
                                                         [1;37;40m│   █ ███ █ █ █▄▄  ▄██▀▀█▀ ▄▄▀▄▀▀▄▄▀▀[1;37;40m  │[0m                                                          
                                                         [1;37;40m│   █▄▄▄▄▄█ █▄▄█  ▀▀     ▀▄█▄▄▀▀ █▀▄ [1;37;40m  │[0m                                                          
                                                         [1;37;40m│                    [1;37;40m                  │[0m                                                          
                                                         [1;37;40m╰──────────────────────────────────────╯[0m                                                          
