	[1;37;40m┌──────────────────────────────────────────────────┐[0m
	[1;37;40m│                       FCFS[1;37;40m                       │[0m
	[1;37;40m│                Memoria No Continua[1;37;40m               │[0m
	[1;37;40m│               Memoria No Reubicable[1;37;40m              │[0m
	[1;37;40m│                          [1;37;40m                        │[0m
	[1;37;40m│                 Autor: Iván Ruiz[1;37;40m                 │[0m
	[1;37;40m│                          [1;37;40m                        │[0m
	[1;37;40m│                Sistemas Operativos[1;37;40m               │[0m
	[1;37;40m│                     2019-2020[1;37;40m                    │[0m
	[1;37;40m└──────────────────────────────────────────────────┘[0m

	[1;37;40m┌──────────────────────────────────────────────────┐[0m
	[1;37;40m│                  MENÚ PRINCIPAL[1;37;40m                  │[0m
	[1;37;40m└──────────────────────────────────────────────────┘[0m

	[1;37;40m┌──────────────────────────────────────────────────┐[0m
	[1;37;40m│          1.- Entrada manual por teclado[1;37;40m          │[0m
	[1;37;40m│        2.- Entrada automática por archivo[1;37;40m        │[0m
	[1;37;40m│   3.- Entrada automática con valores aleatorios[1;37;40m  │[0m
	[1;37;40m│                     4.- Ayuda[1;37;40m                    │[0m
	[1;37;40m│                     0.- Salir[1;37;40m                    │[0m
	[1;37;40m└──────────────────────────────────────────────────┘[0m

	[1;30;47m┌──────────────────────────────────────────────────┐[0m
	[1;30;47m│   Asignación de datos automática desde archivo[1;30;47m   │[0m
	[1;30;47m└──────────────────────────────────────────────────┘[0m

	[1;30;42m┌──────────────────────────────────────────────────┐[0m
	[1;30;42m│      ☑ Ejecutando algoritmo FCFS SN NC NR ☑[1;30;42m      │[0m
	[1;30;42m└──────────────────────────────────────────────────┘[0m

	[1;37m T=0 - Memoria usada: 0/39 [0m
	[1;37m┌───┬───┬───┬───┬────┬────┬────┬─────────────────┬────┬────┐[0m
	│[4;37mRef[0m│[4;37mTll[0m│[4;37mTej[0m│[4;37mMem[0m│[4;37mTesp[0m│[4;37mTret[0m│[4;37mTrej[0m│     [4;37mEstado[0m      │[4;37mMIni[0m│[4;37mMFin[0m│
	│[0;36mP02[0m│[0;36m  1[0m│[0;36m 20[0m│[0;36m 39[0m│[0;36m  --[0m│[0;36m  --[0m│[0;36m  --[0m│[0;36mFuera del Sistema[0m│[0;36m  --[0m│[0;36m  --[0m│
	│[0;31mP01[0m│[0;31m 17[0m│[0;31m  8[0m│[0;31m 39[0m│[0;31m  --[0m│[0;31m  --[0m│[0;31m  --[0m│[0;31mFuera del Sistema[0m│[0;31m  --[0m│[0;31m  --[0m│
	[1;37m└───┴───┴───┴───┴────┴────┴────┴─────────────────┴────┴────┘[0m
	[1;37m Tiempo Medio de Retorno: 0,00 - Tiempo Medio de Espera: 0,00 [0m

	                                                                                                                        
	[1;37mBM|[0m[0;37;47m░░░[0m[0;37;47m░░░[0m[0;37;47m░░░[0m[0;37;47m░░░[0m[0;37;47m░░░[0m[0;37;47m░░░[0m[0;37;47m░░░[0m[0;37;47m░░░[0m[0;37;47m░░░[0m[0;37;47m░░░[0m[0;37;47m░░░[0m[0;37;47m░░░[0m[0;37;47m░░░[0m[0;37;47m░░░[0m[0;37;47m░░░[0m[0;37;47m░░░[0m[0;37;47m░░░[0m[0;37;47m░░░[0m[0;37;47m░░░[0m[0;37;47m░░░[0m[0;37;47m░░░[0m[0;37;47m░░░[0m[0;37;47m░░░[0m[0;37;47m░░░[0m[0;37;47m░░░[0m[0;37;47m░░░[0m[0;37;47m░░░[0m[0;37;47m░░░[0m[0;37;47m░░░[0m[0;37;47m░░░[0m[0;37;47m░░░[0m[0;37;47m░░░[0m[0;37;47m░░░[0m[0;37;47m░░░[0m[0;37;47m░░░[0m[0;37;47m░░░[0m[0;37;47m░░░[0m[0;37;47m░░░[0m[0;37;47m░░░[0m[1;37m 39[0m
	     0[0m                                                                                                                  
	      
	[1;37mBT|[0m▎[0m
	     0[0m

	[1;37m T=1 - Memoria usada: 39/39 [0m
	[1;37m┌───┬───┬───┬───┬────┬────┬────┬─────────────────┬────┬────┐[0m
	│[4;37mRef[0m│[4;37mTll[0m│[4;37mTej[0m│[4;37mMem[0m│[4;37mTesp[0m│[4;37mTret[0m│[4;37mTrej[0m│     [4;37mEstado[0m      │[4;37mMIni[0m│[4;37mMFin[0m│
	│[0;36mP02[0m│[0;36m  1[0m│[0;36m 20[0m│[0;36m 39[0m│[0;36m   0[0m│[0;36m   0[0m│[0;36m  20[0m│[0;36mEn Ejecución     [0m│[0;36m   0[0m│[0;36m  38[0m│
	│[0;31mP01[0m│[0;31m 17[0m│[0;31m  8[0m│[0;31m 39[0m│[0;31m  --[0m│[0;31m  --[0m│[0;31m  --[0m│[0;31mFuera del Sistema[0m│[0;31m  --[0m│[0;31m  --[0m│
	[1;37m└───┴───┴───┴───┴────┴────┴────┴─────────────────┴────┴────┘[0m
	[1;37m Tiempo Medio de Retorno: 0,00 - Tiempo Medio de Espera: 0,00 [0m

	   [0;36mP02[0m                                                                                                                  
	[1;37mBM|[0m[0;36;46m██▊[0m[0;36;46m██▊[0m[0;36;46m██▊[0m[0;36;46m██▊[0m[0;36;46m██▊[0m[0;36;46m██▊[0m[0;36;46m██▊[0m[0;36;46m██▊[0m[0;36;46m██▊[0m[0;36;46m██▊[0m[0;36;46m██▊[0m[0;36;46m██▊[0m[0;36;46m██▊[0m[0;36;46m██▊[0m[0;36;46m██▊[0m[0;36;46m██▊[0m[0;36;46m██▊[0m[0;36;46m██▊[0m[0;36;46m██▊[0m[0;36;46m██▊[0m[0;36;46m██▊[0m[0;36;46m██▊[0m[0;36;46m██▊[0m[0;36;46m██▊[0m[0;36;46m██▊[0m[0;36;46m██▊[0m[0;36;46m██▊[0m[0;36;46m██▊[0m[0;36;46m██▊[0m[0;36;46m██▊[0m[0;36;46m██▊[0m[0;36;46m██▊[0m[0;36;46m██▊[0m[0;36;46m██▊[0m[0;36;46m██▊[0m[0;36;46m██▊[0m[0;36;46m██▊[0m[0;36;46m██▊[0m[0;36;46m██▊[0m[1;37m 39[0m
	   [0;36m  0[0m                                                                                                                  
	      [0;36mP02[0m
	[1;37mBT|[0m[0;37;47m░░░[0m[0;36m▎[0m
	     0[0m[0;36m  1[0m

	[1;37m T=17 - Memoria usada: 39/39 [0m
	[1;37m┌───┬───┬───┬───┬────┬────┬────┬────────────┬────┬────┐[0m
	│[4;37mRef[0m│[4;37mTll[0m│[4;37mTej[0m│[4;37mMem[0m│[4;37mTesp[0m│[4;37mTret[0m│[4;37mTrej[0m│   [4;37mEstado[0m   │[4;37mMIni[0m│[4;37mMFin[0m│
	│[0;36mP02[0m│[0;36m  1[0m│[0;36m 20[0m│[0;36m 39[0m│[0;36m   0[0m│[0;36m  16[0m│[0;36m   4[0m│[0;36mEn Ejecución[0m│[0;36m   0[0m│[0;36m  38[0m│
	│[0;31mP01[0m│[0;31m 17[0m│[0;31m  8[0m│[0;31m 39[0m│[0;31m   0[0m│[0;31m   0[0m│[0;31m  --[0m│[0;31mEn Espera   [0m│[0;31m  --[0m│[0;31m  --[0m│
	[1;37m└───┴───┴───┴───┴────┴────┴────┴────────────┴────┴────┘[0m
	[1;37m Tiempo Medio de Retorno: 8,00 - Tiempo Medio de Espera: 0,00 [0m

	   [0;36mP02[0m                                                                                                                  
	[1;37mBM|[0m[0;36;46m██▊[0m[0;36;46m██▊[0m[0;36;46m██▊[0m[0;36;46m██▊[0m[0;36;46m██▊[0m[0;36;46m██▊[0m[0;36;46m██▊[0m[0;36;46m██▊[0m[0;36;46m██▊[0m[0;36;46m██▊[0m[0;36;46m██▊[0m[0;36;46m██▊[0m[0;36;46m██▊[0m[0;36;46m██▊[0m[0;36;46m██▊[0m[0;36;46m██▊[0m[0;36;46m██▊[0m[0;36;46m██▊[0m[0;36;46m██▊[0m[0;36;46m██▊[0m[0;36;46m██▊[0m[0;36;46m██▊[0m[0;36;46m██▊[0m[0;36;46m██▊[0m[0;36;46m██▊[0m[0;36;46m██▊[0m[0;36;46m██▊[0m[0;36;46m██▊[0m[0;36;46m██▊[0m[0;36;46m██▊[0m[0;36;46m██▊[0m[0;36;46m██▊[0m[0;36;46m██▊[0m[0;36;46m██▊[0m[0;36;46m██▊[0m[0;36;46m██▊[0m[0;36;46m██▊[0m[0;36;46m██▊[0m[0;36;46m██▊[0m[1;37m 39[0m
	   [0;36m  0[0m                                                                                                                  
	      [0;36mP02[0m                                                
	[1;37mBT|[0m[0;37;47m░░░[0m[0;36;46m██▊[0m[0;36;46m██▊[0m[0;36;46m██▊[0m[0;36;46m██▊[0m[0;36;46m██▊[0m[0;36;46m██▊[0m[0;36;46m██▊[0m[0;36;46m██▊[0m[0;36;46m██▊[0m[0;36;46m██▊[0m[0;36;46m██▊[0m[0;36;46m██▊[0m[0;36;46m██▊[0m[0;36;46m██▊[0m[0;36;46m██▊[0m[0;36;46m██▊[0m
	     0[0m[0;36m  1[0m                                             [0;36m 17[0m

	[1;37m T=21 - Memoria usada: 39/39 [0m
	[1;37m┌───┬───┬───┬───┬────┬────┬────┬────────────┬────┬────┐[0m
	│[4;37mRef[0m│[4;37mTll[0m│[4;37mTej[0m│[4;37mMem[0m│[4;37mTesp[0m│[4;37mTret[0m│[4;37mTrej[0m│   [4;37mEstado[0m   │[4;37mMIni[0m│[4;37mMFin[0m│
	│[0;36mP02[0m│[0;36m  1[0m│[0;36m 20[0m│[0;36m 39[0m│[0;36m   0[0m│[0;36m  20[0m│[0;36m   0[0m│[0;36mFinalizado  [0m│[0;36m  --[0m│[0;36m  --[0m│
	│[0;31mP01[0m│[0;31m 17[0m│[0;31m  8[0m│[0;31m 39[0m│[0;31m   4[0m│[0;31m   4[0m│[0;31m   8[0m│[0;31mEn Ejecución[0m│[0;31m   0[0m│[0;31m  38[0m│
	[1;37m└───┴───┴───┴───┴────┴────┴────┴────────────┴────┴────┘[0m
	[1;37m Tiempo Medio de Retorno: 12,00 - Tiempo Medio de Espera: 2,00 [0m

	   [0;31mP01[0m                                                                                                                  
	[1;37mBM|[0m[0;31;41m██▊[0m[0;31;41m██▊[0m[0;31;41m██▊[0m[0;31;41m██▊[0m[0;31;41m██▊[0m[0;31;41m██▊[0m[0;31;41m██▊[0m[0;31;41m██▊[0m[0;31;41m██▊[0m[0;31;41m██▊[0m[0;31;41m██▊[0m[0;31;41m██▊[0m[0;31;41m██▊[0m[0;31;41m██▊[0m[0;31;41m██▊[0m[0;31;41m██▊[0m[0;31;41m██▊[0m[0;31;41m██▊[0m[0;31;41m██▊[0m[0;31;41m██▊[0m[0;31;41m██▊[0m[0;31;41m██▊[0m[0;31;41m██▊[0m[0;31;41m██▊[0m[0;31;41m██▊[0m[0;31;41m██▊[0m[0;31;41m██▊[0m[0;31;41m██▊[0m[0;31;41m██▊[0m[0;31;41m██▊[0m[0;31;41m██▊[0m[0;31;41m██▊[0m[0;31;41m██▊[0m[0;31;41m██▊[0m[0;31;41m██▊[0m[0;31;41m██▊[0m[0;31;41m██▊[0m[0;31;41m██▊[0m[0;31;41m██▊[0m[1;37m 39[0m
	   [0;31m  0[0m                                                                                                                  
	      [0;36mP02[0m                                                         [0;31mP01[0m
	[1;37mBT|[0m[0;37;47m░░░[0m[0;36;46m██▊[0m[0;36;46m██▊[0m[0;36;46m██▊[0m[0;36;46m██▊[0m[0;36;46m██▊[0m[0;36;46m██▊[0m[0;36;46m██▊[0m[0;36;46m██▊[0m[0;36;46m██▊[0m[0;36;46m██▊[0m[0;36;46m██▊[0m[0;36;46m██▊[0m[0;36;46m██▊[0m[0;36;46m██▊[0m[0;36;46m██▊[0m[0;36;46m██▊[0m[0;36;46m██▊[0m[0;36;46m██▊[0m[0;36;46m██▊[0m[0;36;46m██▊[0m[0;31m▎[0m
	     0[0m[0;36m  1[0m                                                         [0;31m 21[0m

	[1;37m T=29 - Memoria usada: 0/39 [0m
	[1;37m┌───┬───┬───┬───┬────┬────┬────┬──────────┬────┬────┐[0m
	│[4;37mRef[0m│[4;37mTll[0m│[4;37mTej[0m│[4;37mMem[0m│[4;37mTesp[0m│[4;37mTret[0m│[4;37mTrej[0m│  [4;37mEstado[0m  │[4;37mMIni[0m│[4;37mMFin[0m│
	│[0;36mP02[0m│[0;36m  1[0m│[0;36m 20[0m│[0;36m 39[0m│[0;36m   0[0m│[0;36m  20[0m│[0;36m   0[0m│[0;36mFinalizado[0m│[0;36m  --[0m│[0;36m  --[0m│
	│[0;31mP01[0m│[0;31m 17[0m│[0;31m  8[0m│[0;31m 39[0m│[0;31m   4[0m│[0;31m  12[0m│[0;31m   0[0m│[0;31mFinalizado[0m│[0;31m  --[0m│[0;31m  --[0m│
	[1;37m└───┴───┴───┴───┴────┴────┴────┴──────────┴────┴────┘[0m
	[1;37m Tiempo Medio de Retorno: 16,00 - Tiempo Medio de Espera: 2,00 [0m

	                                                                                                                        
	[1;37mBM|[0m[0;37;47m░░░[0m[0;37;47m░░░[0m[0;37;47m░░░[0m[0;37;47m░░░[0m[0;37;47m░░░[0m[0;37;47m░░░[0m[0;37;47m░░░[0m[0;37;47m░░░[0m[0;37;47m░░░[0m[0;37;47m░░░[0m[0;37;47m░░░[0m[0;37;47m░░░[0m[0;37;47m░░░[0m[0;37;47m░░░[0m[0;37;47m░░░[0m[0;37;47m░░░[0m[0;37;47m░░░[0m[0;37;47m░░░[0m[0;37;47m░░░[0m[0;37;47m░░░[0m[0;37;47m░░░[0m[0;37;47m░░░[0m[0;37;47m░░░[0m[0;37;47m░░░[0m[0;37;47m░░░[0m[0;37;47m░░░[0m[0;37;47m░░░[0m[0;37;47m░░░[0m[0;37;47m░░░[0m[0;37;47m░░░[0m[0;37;47m░░░[0m[0;37;47m░░░[0m[0;37;47m░░░[0m[0;37;47m░░░[0m[0;37;47m░░░[0m[0;37;47m░░░[0m[0;37;47m░░░[0m[0;37;47m░░░[0m[0;37;47m░░░[0m[1;37m 39[0m
	     0[0m                                                                                                                  
	      [0;36mP02[0m                                                         [0;31mP01[0m                        
	[1;37mBT|[0m[0;37;47m░░░[0m[0;36;46m██▊[0m[0;36;46m██▊[0m[0;36;46m██▊[0m[0;36;46m██▊[0m[0;36;46m██▊[0m[0;36;46m██▊[0m[0;36;46m██▊[0m[0;36;46m██▊[0m[0;36;46m██▊[0m[0;36;46m██▊[0m[0;36;46m██▊[0m[0;36;46m██▊[0m[0;36;46m██▊[0m[0;36;46m██▊[0m[0;36;46m██▊[0m[0;36;46m██▊[0m[0;36;46m██▊[0m[0;36;46m██▊[0m[0;36;46m██▊[0m[0;36;46m██▊[0m[0;31;41m██▊[0m[0;31;41m██▊[0m[0;31;41m██▊[0m[0;31;41m██▊[0m[0;31;41m██▊[0m[0;31;41m██▊[0m[0;31;41m██▊[0m[0;31;41m██▊[0m
	     0[0m[0;36m  1[0m                                                         [0;31m 21[0m                      29[0m
