	┌──────────────────────────────────────────────────┐
	│                       FCFS                       │
	│                Memoria No Continua               │
	│               Memoria No Reubicable              │
	│                                                  │
	│                 Autor: Iván Ruiz                 │
	│                                                  │
	│                Sistemas Operativos               │
	│                     2019-2020                    │
	└──────────────────────────────────────────────────┘

	┌──────────────────────────────────────────────────┐
	│                  MENÚ PRINCIPAL                  │
	└──────────────────────────────────────────────────┘

	┌──────────────────────────────────────────────────┐
	│          1.- Entrada manual por teclado          │
	│        2.- Entrada automática por archivo        │
	│   3.- Entrada automática con valores aleatorios  │
	│                     4.- Ayuda                    │
	│                     0.- Salir                    │
	└──────────────────────────────────────────────────┘

	┌──────────────────────────────────────────────────┐
	│   Asignación de datos automática desde archivo   │
	└──────────────────────────────────────────────────┘

	┌──────────────────────────────────────────────────┐
	│      ☑ Ejecutando algoritmo FCFS SN NC NR ☑      │
	└──────────────────────────────────────────────────┘

	 T=0 - Memoria usada: 0/13 
	┌───┬───┬───┬───┬────┬────┬────┬─────────────────┬────┬────┐
	│Ref│Tll│Tej│Mem│Tesp│Tret│Trej│     Estado      │MIni│MFin│
	│P01│  1│  1│  1│  --│  --│  --│Fuera del Sistema│  --│  --│
	│P02│  3│  3│  3│  --│  --│  --│Fuera del Sistema│  --│  --│
	└───┴───┴───┴───┴────┴────┴────┴─────────────────┴────┴────┘
	 Tiempo Medio de Retorno: 0.00 - Tiempo Medio de Espera: 0.00 

	                                          
	BM|░░░░░░░░░░░░░░░░░░░░░░░░░░░░░░░░░░░░░░░ 13
	     0                                    
	      
	BT|▎
	     0

	 T=1 - Memoria usada: 1/13 
	┌───┬───┬───┬───┬────┬────┬────┬─────────────────┬────┬────┐
	│Ref│Tll│Tej│Mem│Tesp│Tret│Trej│     Estado      │MIni│MFin│
	│P01│  1│  1│  1│   0│   0│   1│En Ejecución     │   0│   0│
	│P02│  3│  3│  3│  --│  --│  --│Fuera del Sistema│  --│  --│
	└───┴───┴───┴───┴────┴────┴────┴─────────────────┴────┴────┘
	 Tiempo Medio de Retorno: 0.00 - Tiempo Medio de Espera: 0.00 

	   P01                                    
	BM|██▊░░░░░░░░░░░░░░░░░░░░░░░░░░░░░░░░░░░░ 13
	     0  1                                 
	      P01
	BT|░░░▎
	     0  1

	 T=2 - Memoria usada: 0/13 
	┌───┬───┬───┬───┬────┬────┬────┬─────────────────┬────┬────┐
	│Ref│Tll│Tej│Mem│Tesp│Tret│Trej│     Estado      │MIni│MFin│
	│P01│  1│  1│  1│   0│   1│   0│Finalizado       │  --│  --│
	│P02│  3│  3│  3│  --│  --│  --│Fuera del Sistema│  --│  --│
	└───┴───┴───┴───┴────┴────┴────┴─────────────────┴────┴────┘
	 Tiempo Medio de Retorno: 0.50 - Tiempo Medio de Espera: 0.00 

	                                          
	BM|░░░░░░░░░░░░░░░░░░░░░░░░░░░░░░░░░░░░░░░ 13
	     0                                    
	      P01   
	BT|░░░██▊
	     0  1  2

	 T=3 - Memoria usada: 3/13 
	┌───┬───┬───┬───┬────┬────┬────┬────────────┬────┬────┐
	│Ref│Tll│Tej│Mem│Tesp│Tret│Trej│   Estado   │MIni│MFin│
	│P01│  1│  1│  1│   0│   1│   0│Finalizado  │  --│  --│
	│P02│  3│  3│  3│   0│   0│   3│En Ejecución│   0│   2│
	└───┴───┴───┴───┴────┴────┴────┴────────────┴────┴────┘
	 Tiempo Medio de Retorno: 0.50 - Tiempo Medio de Espera: 0.00 

	   P02                                    
	BM|██▊██▊██▊░░░░░░░░░░░░░░░░░░░░░░░░░░░░░░ 13
	     0        3                           
	      P01   P02
	BT|░░░██▊░░░▎
	     0  1  2  3

	 T=6 - Memoria usada: 0/13 
	┌───┬───┬───┬───┬────┬────┬────┬──────────┬────┬────┐
	│Ref│Tll│Tej│Mem│Tesp│Tret│Trej│  Estado  │MIni│MFin│
	│P01│  1│  1│  1│   0│   1│   0│Finalizado│  --│  --│
	│P02│  3│  3│  3│   0│   3│   0│Finalizado│  --│  --│
	└───┴───┴───┴───┴────┴────┴────┴──────────┴────┴────┘
	 Tiempo Medio de Retorno: 2.00 - Tiempo Medio de Espera: 0.00 

	                                          
	BM|░░░░░░░░░░░░░░░░░░░░░░░░░░░░░░░░░░░░░░░ 13
	     0                                    
	      P01   P02         
	BT|░░░██▊░░░██▊██▊██▊
	     0  1  2  3        6
