
                                                          [1;37;40mโโโโโโโโโโโโโโโโโโโโโโโโโโโโโโโโโโโโโโโโโโโโโโโโโโโโ[0m                                                           
                                                          [1;37;40mโ                       FCFS[1;37;40m                       โ[0m                                                           
                                                          [1;37;40mโ                Memoria No Continua[1;37;40m               โ[0m                                                           
                                                          [1;37;40mโ               Memoria No Reubicable[1;37;40m              โ[0m                                                           
                                                          [1;37;40mโ                          [1;37;40m                        โ[0m                                                           
                                                          [1;37;40mโ                Sistemas Operativos[1;37;40m               โ[0m                                                           
                                                          [1;37;40mโ                     2019-2020[1;37;40m                    โ[0m                                                           
                                                          [1;37;40mโ                          [1;37;40m                        โ[0m                                                           
                                                          [1;37;40mโ                    Jorge Ruiz[1;37;40m                    โ[0m                                                           
                                                          [1;37;40mโ                     Ivan Ruiz[1;37;40m                    โ[0m                                                           
                                                          [1;37;40mโโโโโโโโโโโโโโโโโโโโโโโโโโโโโโโโโโโโโโโโโโโโโโโโโโโโ[0m                                                           

                                                          [1;37;40mโโโโโโโโโโโโโโโโโโโโโโโโโโโโโโโโโโโโโโโโโโโโโโโโโโโโ[0m                                                           
                                                          [1;37;40mโ                  MENร PRINCIPAL[1;37;40m                  โ[0m                                                           
                                                          [1;37;40mโโโโโโโโโโโโโโโโโโโโโโโโโโโโโโโโโโโโโโโโโโโโโโโโโโโโ[0m                                                           

                                                          [1;37;40mโโโโโโโโโโโโโโโโโโโโโโโโโโโโโโโโโโโโโโโโโโโโโโโโโโโโ[0m                                                           
                                                          [1;37;40mโ          1.- Entrada manual por teclado[1;37;40m          โ[0m                                                           
                                                          [1;37;40mโ        2.- Entrada automรกtica por archivo[1;37;40m        โ[0m                                                           
                                                          [1;37;40mโ   3.- Entrada automรกtica con valores aleatorios[1;37;40m  โ[0m                                                           
                                                          [1;37;40mโ                     4.- Ayuda[1;37;40m                    โ[0m                                                           
                                                          [1;37;40mโ                     0.- Salir[1;37;40m                    โ[0m                                                           
                                                          [1;37;40mโโโโโโโโโโโโโโโโโโโโโโโโโโโโโโโโโโโโโโโโโโโโโโโโโโโโ[0m                                                           
