
                                                          [1;37;40m┌──────────────────────────────────────────────────┐[0m                                                           
                                                          [1;37;40m│                       FCFS[1;37;40m                       │[0m                                                           
                                                          [1;37;40m│                Memoria No Continua[1;37;40m               │[0m                                                           
                                                          [1;37;40m│               Memoria No Reubicable[1;37;40m              │[0m                                                           
                                                          [1;37;40m│                          [1;37;40m                        │[0m                                                           
                                                          [1;37;40m│                Sistemas Operativos[1;37;40m               │[0m                                                           
                                                          [1;37;40m│                     2019-2020[1;37;40m                    │[0m                                                           
                                                          [1;37;40m│                          [1;37;40m                        │[0m                                                           
                                                          [1;37;40m│                     Iván Ruiz[1;37;40m                    │[0m                                                           
                                                          [1;37;40m└──────────────────────────────────────────────────┘[0m                                                           

                                                          [1;37;40m┌──────────────────────────────────────────────────┐[0m                                                           
                                                          [1;37;40m│                  MENÚ PRINCIPAL[1;37;40m                  │[0m                                                           
                                                          [1;37;40m└──────────────────────────────────────────────────┘[0m                                                           

                                                          [1;37;40m┌──────────────────────────────────────────────────┐[0m                                                           
                                                          [1;37;40m│          1.- Entrada manual por teclado[1;37;40m          │[0m                                                           
                                                          [1;37;40m│        2.- Entrada automática por archivo[1;37;40m        │[0m                                                           
                                                          [1;37;40m│   3.- Entrada automática con valores aleatorios[1;37;40m  │[0m                                                           
                                                          [1;37;40m│                     4.- Ayuda[1;37;40m                    │[0m                                                           
                                                          [1;37;40m│                     0.- Salir[1;37;40m                    │[0m                                                           
                                                          [1;37;40m└──────────────────────────────────────────────────┘[0m                                                           

                                                          [1;30;47m┌──────────────────────────────────────────────────┐[0m                                                           
                                                          [1;30;47m│           Asignación de datos aleatoria[1;30;47m          │[0m                                                           
                                                          [1;30;47m└──────────────────────────────────────────────────┘[0m                                                           

                                                          [1;30;47m┌──────────────────────────────────────────────────┐[0m                                                           
                                                          [1;30;47m│   ¿Cuántos valores aleatorios quieres generar?[1;30;47m   │[0m                                                           
                                                          [1;30;47m└──────────────────────────────────────────────────┘[0m                                                           

                                 [1;30;42m┌────────────────────────────────────────────────────────────────────────────────────────────────────┐[0m                                  
                                 [1;30;42m│                                ☑ Ejecutando algoritmo | FCFS-SN-NN ☑[1;30;42m                               │[0m                                  
                                 [1;30;42m└────────────────────────────────────────────────────────────────────────────────────────────────────┘[0m                                  

                                                                       [1;30;44m t=0 - Memoria usada: 0/17 [0m                                                                       

                                              [1;37m┌──────┬──────┬──────┬──────┬────────────────────┬────────┬────────┬────────┐[0m                                              
                                              │  [4;37mRef[0m │  [4;37mTll[0m │  [4;37mTej[0m │  [4;37mMem[0m │       [4;37mEstado[0m       │  [4;37mTret[0m  │  [4;37mTesp[0m  │  [4;37mTrej[0m  │                                              
                                              │  [0;36mP01[0m │  [0;36m13[0m  │   [0;36m1[0m  │   [0;36m8[0m  │  [0;36mFuera del Sistema[0m │    [0;36m-[0m   │    [0;36m-[0m   │    [0;36m-[0m   │                                              
                                              [1;37m└──────┴──────┴──────┴──────┴────────────────────┴────────┴────────┴────────┘[0m                                              

                                                     [1;30;44m Tiempo Medio de Retorno: 0,00 - Tiempo Medio de Espera: 0,00 [0m                                                      

				                                                      
				[1;37mBM [0m[0;37;47m░░░[0m[0;37;47m░░░[0m[0;37;47m░░░[0m[0;37;47m░░░[0m[0;37;47m░░░[0m[0;37;47m░░░[0m[0;37;47m░░░[0m[0;37;47m░░░[0m[0;37;47m░░░[0m[0;37;47m░░░[0m[0;37;47m░░░[0m[0;37;47m░░░[0m[0;37;47m░░░[0m[0;37;47m░░░[0m[0;37;47m░░░[0m[0;37;47m░░░[0m[0;37;47m░░░[0m[1;37m 17[0m
				                                                      

				   
				[1;37mBT [0m
				   0


                                                                      [1;30;44m t=13 - Memoria usada: 8/17 [0m                                                                       

                                                [1;37m┌──────┬──────┬──────┬──────┬────────────────┬────────┬────────┬────────┐[0m                                                
                                                │  [4;37mRef[0m │  [4;37mTll[0m │  [4;37mTej[0m │  [4;37mMem[0m │     [4;37mEstado[0m     │  [4;37mTret[0m  │  [4;37mTesp[0m  │  [4;37mTrej[0m  │                                                
                                                │  [0;36mP01[0m │  [0;36m13[0m  │   [0;36m1[0m  │   [0;36m8[0m  │  [0;36mEn Ejecución[0m  │    [0;36m0[0m   │    [0;36m0[0m   │    [0;36m1[0m   │                                                
                                                [1;37m└──────┴──────┴──────┴──────┴────────────────┴────────┴────────┴────────┘[0m                                                

                                                     [1;30;44m Tiempo Medio de Retorno: 0,00 - Tiempo Medio de Espera: 0,00 [0m                                                      

				   [0;36mP01[0m                                                
				[1;37mBM [0m[0;36;46m██▊[0m[0;36;46m██▊[0m[0;36;46m██▊[0m[0;36;46m██▊[0m[0;36;46m██▊[0m[0;36;46m██▊[0m[0;36;46m██▊[0m[0;36;46m██▊[0m[0;37;47m░░░[0m[0;37;47m░░░[0m[0;37;47m░░░[0m[0;37;47m░░░[0m[0;37;47m░░░[0m[0;37;47m░░░[0m[0;37;47m░░░[0m[0;37;47m░░░[0m[0;37;47m░░░[0m[1;37m 17[0m
				                           8  [0m                        

				                                          
				[1;37mBT [0m[0;37;47m░░░[0m[0;37;47m░░░[0m[0;37;47m░░░[0m[0;37;47m░░░[0m[0;37;47m░░░[0m[0;37;47m░░░[0m[0;37;47m░░░[0m[0;37;47m░░░[0m[0;37;47m░░░[0m[0;37;47m░░░[0m[0;37;47m░░░[0m[0;37;47m░░░[0m[0;37;47m░░░[0m[1;37m 13[0m
				                                          


                                                                      [1;30;44m t=14 - Memoria usada: 0/17 [0m                                                                       

                                                 [1;37m┌──────┬──────┬──────┬──────┬──────────────┬────────┬────────┬────────┐[0m                                                 
                                                 │  [4;37mRef[0m │  [4;37mTll[0m │  [4;37mTej[0m │  [4;37mMem[0m │    [4;37mEstado[0m    │  [4;37mTret[0m  │  [4;37mTesp[0m  │  [4;37mTrej[0m  │                                                 
                                                 │  [0;36mP01[0m │  [0;36m13[0m  │   [0;36m1[0m  │   [0;36m8[0m  │  [0;36mFinalizado[0m  │    [0;36m1[0m   │    [0;36m0[0m   │    [0;36m0[0m   │                                                 
                                                 [1;37m└──────┴──────┴──────┴──────┴──────────────┴────────┴────────┴────────┘[0m                                                 

                                                     [1;30;44m Tiempo Medio de Retorno: 1,00 - Tiempo Medio de Espera: 0,00 [0m                                                      

				                                                      
				[1;37mBM [0m[0;37;47m░░░[0m[0;37;47m░░░[0m[0;37;47m░░░[0m[0;37;47m░░░[0m[0;37;47m░░░[0m[0;37;47m░░░[0m[0;37;47m░░░[0m[0;37;47m░░░[0m[0;37;47m░░░[0m[0;37;47m░░░[0m[0;37;47m░░░[0m[0;37;47m░░░[0m[0;37;47m░░░[0m[0;37;47m░░░[0m[0;37;47m░░░[0m[0;37;47m░░░[0m[0;37;47m░░░[0m[1;37m 17[0m
				                                                      

				                                          [0;36mP01[0m
				[1;37mBT [0m[0;37;47m░░░[0m[0;37;47m░░░[0m[0;37;47m░░░[0m[0;37;47m░░░[0m[0;37;47m░░░[0m[0;37;47m░░░[0m[0;37;47m░░░[0m[0;37;47m░░░[0m[0;37;47m░░░[0m[0;37;47m░░░[0m[0;37;47m░░░[0m[0;37;47m░░░[0m[0;37;47m░░░[0m[0;36;46m██▊[0m[1;37m 14[0m
				                                          [0;36m13 [0m

