
                                                          [1;32;40m┏━━━━━━━━━━━━━━━━━━━━━━━━━━━━━━━━━━━━━━━━━━━━━━━━━━┓[0m                                                           
                                                          [1;32;40m┃                       FCFS[1;32;40m                       ┃[0m                                                           
                                                          [1;32;40m┃                Memoria No Continua[1;32;40m               ┃[0m                                                           
                                                          [1;32;40m┃               Memoria No Reubicable[1;32;40m              ┃[0m                                                           
                                                          [1;32;40m┃                          [1;32;40m                        ┃[0m                                                           
                                                          [1;32;40m┃                Sistemas Operativos[1;32;40m               ┃[0m                                                           
                                                          [1;32;40m┃                     2019-2020[1;32;40m                    ┃[0m                                                           
                                                          [1;32;40m┃                          [1;32;40m                        ┃[0m                                                           
                                                          [1;32;40m┃                    Jorge Ruiz[1;32;40m                    ┃[0m                                                           
                                                          [1;32;40m┃                     Ivan Ruiz[1;32;40m                    ┃[0m                                                           
                                                          [1;32;40m┗━━━━━━━━━━━━━━━━━━━━━━━━━━━━━━━━━━━━━━━━━━━━━━━━━━┛[0m                                                           

                                                          [1;37;40m┏━━━━━━━━━━━━━━━━━━━━━━━━━━━━━━━━━━━━━━━━━━━━━━━━━━┓[0m                                                           
                                                          [1;37;40m┃                  MENÚ PRINCIPAL[1;37;40m                  ┃[0m                                                           
                                                          [1;37;40m┗━━━━━━━━━━━━━━━━━━━━━━━━━━━━━━━━━━━━━━━━━━━━━━━━━━┛[0m                                                           

                                                          [1;36;40m┏━━━━━━━━━━━━━━━━━━━━━━━━━━━━━━━━━━━━━━━━━━━━━━━━━━┓[0m                                                           
                                                          [1;36;40m┃          1.- Entrada manual por teclado[1;36;40m          ┃[0m                                                           
                                                          [1;36;40m┃        2.- Entrada automática por archivo[1;36;40m        ┃[0m                                                           
                                                          [1;36;40m┃   3.- Entrada automática con valores aleatorios[1;36;40m  ┃[0m                                                           
                                                          [1;36;40m┃                     4.- Ayuda[1;36;40m                    ┃[0m                                                           
                                                          [1;36;40m┃                     0.- Salir[1;36;40m                    ┃[0m                                                           
                                                          [1;36;40m┗━━━━━━━━━━━━━━━━━━━━━━━━━━━━━━━━━━━━━━━━━━━━━━━━━━┛[0m                                                           

                                                          [1;30;47m┏━━━━━━━━━━━━━━━━━━━━━━━━━━━━━━━━━━━━━━━━━━━━━━━━━━┓[0m                                                           
                                                          [1;30;47m┃            Asignación de datos manual[1;30;47m            ┃[0m                                                           
                                                          [1;30;47m┗━━━━━━━━━━━━━━━━━━━━━━━━━━━━━━━━━━━━━━━━━━━━━━━━━━┛[0m                                                           

                                 [1;30;42m┏━━━━━━━━━━━━━━━━━━━━━━━━━━━━━━━━━━━━━━━━━━━━━━━━━━━━━━━━━━━━━━━━━━━━━━━━━━━━━━━━━━━━━━━━━━━━━━━━━━━━┓[0m                                  
                                 [1;30;42m┃                                ☑ Ejecutando algoritmo | FCFS-SN-NN ☑[1;30;42m                               ┃[0m                                  
                                 [1;30;42m┗━━━━━━━━━━━━━━━━━━━━━━━━━━━━━━━━━━━━━━━━━━━━━━━━━━━━━━━━━━━━━━━━━━━━━━━━━━━━━━━━━━━━━━━━━━━━━━━━━━━━┛[0m                                  

                                 [1;30;44m┏━━━━━━━━━━━━━━━━━━━━━━━━━━━━━━━━━━━━━━━━━━━━━━━━━━━━━━━━━━━━━━━━━━━━━━━━━━━━━━━━━━━━━━━━━━━━━━━━━━━━┓[0m                                  
                                 [1;30;44m┃                                  Instante 2 - Memoria usada: 3/10[1;30;44m                                  ┃[0m                                  
                                 [1;30;44m┗━━━━━━━━━━━━━━━━━━━━━━━━━━━━━━━━━━━━━━━━━━━━━━━━━━━━━━━━━━━━━━━━━━━━━━━━━━━━━━━━━━━━━━━━━━━━━━━━━━━━┛[0m                                  

                                 [1;37;40m┏━━━━━━━━━━━━━━━━━━━━━━━━━━━━━━━━━━━━━━━━━━━━━━━━━━━━━━━━━━━━━━━━━━━━━━━━━━━━━━━━━━━━━━━━━━━━━━━━━━━━┓[0m                                  
                                 [1;37;40m┃                                          TABLA DE PROCESOS[1;37;40m                                         ┃[0m                                  
                                 [1;37;40m┗━━━━━━━━━━━━━━━━━━━━━━━━━━━━━━━━━━━━━━━━━━━━━━━━━━━━━━━━━━━━━━━━━━━━━━━━━━━━━━━━━━━━━━━━━━━━━━━━━━━━┛[0m                                  

                                        [1;37;40m┏━━━━━━━━━━┳━━━━━━━━━━┳━━━━━━━━━━┳━━━━━━━━━━┳━━━━━━━━━━┳━━━━━━━━━━┳━━━━━━━━━━┳━━━━━━━━━━┓[0m                                        
                                        [1;37;40m┃  Proceso ┃  Llegada ┃ Ejecución┃  Tamaño  ┃  Estado  ┃ Respuesta┃  Espera  ┃ Restante ┃[0m                                        
                                        [1;30;46m[1;30;46m┃    P01   ┃     2    ┃    10    ┃     3    ┃Ejecutando┃     -    ┃     0    ┃    10    ┃[0m                                        
                                        [1;30;41m[1;30;41m┃    P02   ┃    20    ┃     3    ┃     5    ┃   Fuera  ┃     -    ┃     -    ┃     3    ┃[0m                                        
                                        [1;30;41m┗━━━━━━━━━━┻━━━━━━━━━━┻━━━━━━━━━━┻━━━━━━━━━━┻━━━━━━━━━━┻━━━━━━━━━━┻━━━━━━━━━━┻━━━━━━━━━━┛[0m                                        

                                 [1;30;44m┏━━━━━━━━━━━━━━━━━━━━━━━━━━━━━━━━━━━━━━━━━━━━━━━━━━━━━━━━━━━━━━━━━━━━━━━━━━━━━━━━━━━━━━━━━━━━━━━━━━━━┓[0m                                  
                                 [1;30;44m┃                   Tiempo Medio de Respuesta: 0,00 - Tiempo Medio de Espera: 0,00[1;30;44m                   ┃[0m                                  
                                 [1;30;44m┗━━━━━━━━━━━━━━━━━━━━━━━━━━━━━━━━━━━━━━━━━━━━━━━━━━━━━━━━━━━━━━━━━━━━━━━━━━━━━━━━━━━━━━━━━━━━━━━━━━━━┛[0m                                  

                                 [1;37;40m┏━━━━━━━━━━━━━━━━━━━━━━━━━━━━━━━━━━━━━━━━━━━━━━━━━━━━━━━━━━━━━━━━━━━━━━━━━━━━━━━━━━━━━━━━━━━━━━━━━━━━┓[0m                                  
                                 [1;37;40m┃                                           USO DE MEMORIA[1;37;40m                                           ┃[0m                                  
                                 [1;37;40m┗━━━━━━━━━━━━━━━━━━━━━━━━━━━━━━━━━━━━━━━━━━━━━━━━━━━━━━━━━━━━━━━━━━━━━━━━━━━━━━━━━━━━━━━━━━━━━━━━━━━━┛[0m                                  
				[0;36mP01[0m                           
				[0;30;46m   [0m[0;30;46m   [0m[0;30;46m   [0m[1;30;47m   [0m[1;30;47m   [0m[1;30;47m   [0m[1;30;47m   [0m[1;30;47m   [0m[1;30;47m   [0m[1;30;47m   [0m[0;37m 10[0m
				[0;36m0  [0m   [0;36m  2[0m                    9[0m

                                 [1;37;40m┏━━━━━━━━━━━━━━━━━━━━━━━━━━━━━━━━━━━━━━━━━━━━━━━━━━━━━━━━━━━━━━━━━━━━━━━━━━━━━━━━━━━━━━━━━━━━━━━━━━━━┓[0m                                  
                                 [1;37;40m┃                                           LINEA DE TIEMPO[1;37;40m                                          ┃[0m                                  
                                 [1;37;40m┗━━━━━━━━━━━━━━━━━━━━━━━━━━━━━━━━━━━━━━━━━━━━━━━━━━━━━━━━━━━━━━━━━━━━━━━━━━━━━━━━━━━━━━━━━━━━━━━━━━━━┛[0m                                  
				[0;36mP01[0m
				[0;30;46m[0m
				[0;36m2     [0m

                                 [1;30;44m┏━━━━━━━━━━━━━━━━━━━━━━━━━━━━━━━━━━━━━━━━━━━━━━━━━━━━━━━━━━━━━━━━━━━━━━━━━━━━━━━━━━━━━━━━━━━━━━━━━━━━┓[0m                                  
                                 [1;30;44m┃                                  Instante 12 - Memoria usada: 0/10[1;30;44m                                 ┃[0m                                  
                                 [1;30;44m┗━━━━━━━━━━━━━━━━━━━━━━━━━━━━━━━━━━━━━━━━━━━━━━━━━━━━━━━━━━━━━━━━━━━━━━━━━━━━━━━━━━━━━━━━━━━━━━━━━━━━┛[0m                                  

                                 [1;37;40m┏━━━━━━━━━━━━━━━━━━━━━━━━━━━━━━━━━━━━━━━━━━━━━━━━━━━━━━━━━━━━━━━━━━━━━━━━━━━━━━━━━━━━━━━━━━━━━━━━━━━━┓[0m                                  
                                 [1;37;40m┃                                          TABLA DE PROCESOS[1;37;40m                                         ┃[0m                                  
                                 [1;37;40m┗━━━━━━━━━━━━━━━━━━━━━━━━━━━━━━━━━━━━━━━━━━━━━━━━━━━━━━━━━━━━━━━━━━━━━━━━━━━━━━━━━━━━━━━━━━━━━━━━━━━━┛[0m                                  

                                        [1;37;40m┏━━━━━━━━━━┳━━━━━━━━━━┳━━━━━━━━━━┳━━━━━━━━━━┳━━━━━━━━━━┳━━━━━━━━━━┳━━━━━━━━━━┳━━━━━━━━━━┓[0m                                        
                                        [1;37;40m┃  Proceso ┃  Llegada ┃ Ejecución┃  Tamaño  ┃  Estado  ┃ Respuesta┃  Espera  ┃ Restante ┃[0m                                        
                                        [1;30;46m[1;30;46m┃    P01   ┃     2    ┃    10    ┃     3    ┃ Terminado┃    10    ┃     0    ┃     0    ┃[0m                                        
                                        [1;30;41m[1;30;41m┃    P02   ┃    20    ┃     3    ┃     5    ┃   Fuera  ┃     -    ┃     -    ┃     3    ┃[0m                                        
                                        [1;30;41m┗━━━━━━━━━━┻━━━━━━━━━━┻━━━━━━━━━━┻━━━━━━━━━━┻━━━━━━━━━━┻━━━━━━━━━━┻━━━━━━━━━━┻━━━━━━━━━━┛[0m                                        

                                 [1;30;44m┏━━━━━━━━━━━━━━━━━━━━━━━━━━━━━━━━━━━━━━━━━━━━━━━━━━━━━━━━━━━━━━━━━━━━━━━━━━━━━━━━━━━━━━━━━━━━━━━━━━━━┓[0m                                  
                                 [1;30;44m┃                   Tiempo Medio de Respuesta: 5,00 - Tiempo Medio de Espera: 0,00[1;30;44m                   ┃[0m                                  
                                 [1;30;44m┗━━━━━━━━━━━━━━━━━━━━━━━━━━━━━━━━━━━━━━━━━━━━━━━━━━━━━━━━━━━━━━━━━━━━━━━━━━━━━━━━━━━━━━━━━━━━━━━━━━━━┛[0m                                  

                                 [1;37;40m┏━━━━━━━━━━━━━━━━━━━━━━━━━━━━━━━━━━━━━━━━━━━━━━━━━━━━━━━━━━━━━━━━━━━━━━━━━━━━━━━━━━━━━━━━━━━━━━━━━━━━┓[0m                                  
                                 [1;37;40m┃                                           USO DE MEMORIA[1;37;40m                                           ┃[0m                                  
                                 [1;37;40m┗━━━━━━━━━━━━━━━━━━━━━━━━━━━━━━━━━━━━━━━━━━━━━━━━━━━━━━━━━━━━━━━━━━━━━━━━━━━━━━━━━━━━━━━━━━━━━━━━━━━━┛[0m                                  
				                              
				[1;30;47m   [0m[1;30;47m   [0m[1;30;47m   [0m[1;30;47m   [0m[1;30;47m   [0m[1;30;47m   [0m[1;30;47m   [0m[1;30;47m   [0m[1;30;47m   [0m[1;30;47m   [0m[0;37m 10[0m
				0  [0m                          9[0m

                                 [1;37;40m┏━━━━━━━━━━━━━━━━━━━━━━━━━━━━━━━━━━━━━━━━━━━━━━━━━━━━━━━━━━━━━━━━━━━━━━━━━━━━━━━━━━━━━━━━━━━━━━━━━━━━┓[0m                                  
                                 [1;37;40m┃                                           LINEA DE TIEMPO[1;37;40m                                          ┃[0m                                  
                                 [1;37;40m┗━━━━━━━━━━━━━━━━━━━━━━━━━━━━━━━━━━━━━━━━━━━━━━━━━━━━━━━━━━━━━━━━━━━━━━━━━━━━━━━━━━━━━━━━━━━━━━━━━━━━┛[0m                                  
				[0;36mP01                           [0m
				[0;30;46m                              [0m
				[0;36m2                           12[0m

                                 [1;30;44m┏━━━━━━━━━━━━━━━━━━━━━━━━━━━━━━━━━━━━━━━━━━━━━━━━━━━━━━━━━━━━━━━━━━━━━━━━━━━━━━━━━━━━━━━━━━━━━━━━━━━━┓[0m                                  
                                 [1;30;44m┃                                  Instante 20 - Memoria usada: 5/10[1;30;44m                                 ┃[0m                                  
                                 [1;30;44m┗━━━━━━━━━━━━━━━━━━━━━━━━━━━━━━━━━━━━━━━━━━━━━━━━━━━━━━━━━━━━━━━━━━━━━━━━━━━━━━━━━━━━━━━━━━━━━━━━━━━━┛[0m                                  

                                 [1;37;40m┏━━━━━━━━━━━━━━━━━━━━━━━━━━━━━━━━━━━━━━━━━━━━━━━━━━━━━━━━━━━━━━━━━━━━━━━━━━━━━━━━━━━━━━━━━━━━━━━━━━━━┓[0m                                  
                                 [1;37;40m┃                                          TABLA DE PROCESOS[1;37;40m                                         ┃[0m                                  
                                 [1;37;40m┗━━━━━━━━━━━━━━━━━━━━━━━━━━━━━━━━━━━━━━━━━━━━━━━━━━━━━━━━━━━━━━━━━━━━━━━━━━━━━━━━━━━━━━━━━━━━━━━━━━━━┛[0m                                  

                                        [1;37;40m┏━━━━━━━━━━┳━━━━━━━━━━┳━━━━━━━━━━┳━━━━━━━━━━┳━━━━━━━━━━┳━━━━━━━━━━┳━━━━━━━━━━┳━━━━━━━━━━┓[0m                                        
                                        [1;37;40m┃  Proceso ┃  Llegada ┃ Ejecución┃  Tamaño  ┃  Estado  ┃ Respuesta┃  Espera  ┃ Restante ┃[0m                                        
                                        [1;30;46m[1;30;46m┃    P01   ┃     2    ┃    10    ┃     3    ┃ Terminado┃    10    ┃     0    ┃     0    ┃[0m                                        
                                        [1;30;41m[1;30;41m┃    P02   ┃    20    ┃     3    ┃     5    ┃Ejecutando┃     -    ┃     0    ┃     3    ┃[0m                                        
                                        [1;30;41m┗━━━━━━━━━━┻━━━━━━━━━━┻━━━━━━━━━━┻━━━━━━━━━━┻━━━━━━━━━━┻━━━━━━━━━━┻━━━━━━━━━━┻━━━━━━━━━━┛[0m                                        

                                 [1;30;44m┏━━━━━━━━━━━━━━━━━━━━━━━━━━━━━━━━━━━━━━━━━━━━━━━━━━━━━━━━━━━━━━━━━━━━━━━━━━━━━━━━━━━━━━━━━━━━━━━━━━━━┓[0m                                  
                                 [1;30;44m┃                   Tiempo Medio de Respuesta: 5,00 - Tiempo Medio de Espera: 0,00[1;30;44m                   ┃[0m                                  
                                 [1;30;44m┗━━━━━━━━━━━━━━━━━━━━━━━━━━━━━━━━━━━━━━━━━━━━━━━━━━━━━━━━━━━━━━━━━━━━━━━━━━━━━━━━━━━━━━━━━━━━━━━━━━━━┛[0m                                  

                                 [1;37;40m┏━━━━━━━━━━━━━━━━━━━━━━━━━━━━━━━━━━━━━━━━━━━━━━━━━━━━━━━━━━━━━━━━━━━━━━━━━━━━━━━━━━━━━━━━━━━━━━━━━━━━┓[0m                                  
                                 [1;37;40m┃                                           USO DE MEMORIA[1;37;40m                                           ┃[0m                                  
                                 [1;37;40m┗━━━━━━━━━━━━━━━━━━━━━━━━━━━━━━━━━━━━━━━━━━━━━━━━━━━━━━━━━━━━━━━━━━━━━━━━━━━━━━━━━━━━━━━━━━━━━━━━━━━━┛[0m                                  
				[0;31mP02[0m                           
				[0;30;41m   [0m[0;30;41m   [0m[0;30;41m   [0m[0;30;41m   [0m[0;30;41m   [0m[1;30;47m   [0m[1;30;47m   [0m[1;30;47m   [0m[1;30;47m   [0m[1;30;47m   [0m[0;37m 10[0m
				[0;31m0  [0m         [0;31m  4[0m              9[0m

                                 [1;37;40m┏━━━━━━━━━━━━━━━━━━━━━━━━━━━━━━━━━━━━━━━━━━━━━━━━━━━━━━━━━━━━━━━━━━━━━━━━━━━━━━━━━━━━━━━━━━━━━━━━━━━━┓[0m                                  
                                 [1;37;40m┃                                           LINEA DE TIEMPO[1;37;40m                                          ┃[0m                                  
                                 [1;37;40m┗━━━━━━━━━━━━━━━━━━━━━━━━━━━━━━━━━━━━━━━━━━━━━━━━━━━━━━━━━━━━━━━━━━━━━━━━━━━━━━━━━━━━━━━━━━━━━━━━━━━━┛[0m                                  
				[0;36mP01                           [0m[0;31mP02[0m
				[0;30;46m                              [0m[0;30;41m[0m
				[0;36m2                           12[0m[0;31m20    [0m

                                 [1;30;44m┏━━━━━━━━━━━━━━━━━━━━━━━━━━━━━━━━━━━━━━━━━━━━━━━━━━━━━━━━━━━━━━━━━━━━━━━━━━━━━━━━━━━━━━━━━━━━━━━━━━━━┓[0m                                  
                                 [1;30;44m┃                                  Instante 23 - Memoria usada: 0/10[1;30;44m                                 ┃[0m                                  
                                 [1;30;44m┗━━━━━━━━━━━━━━━━━━━━━━━━━━━━━━━━━━━━━━━━━━━━━━━━━━━━━━━━━━━━━━━━━━━━━━━━━━━━━━━━━━━━━━━━━━━━━━━━━━━━┛[0m                                  

                                 [1;37;40m┏━━━━━━━━━━━━━━━━━━━━━━━━━━━━━━━━━━━━━━━━━━━━━━━━━━━━━━━━━━━━━━━━━━━━━━━━━━━━━━━━━━━━━━━━━━━━━━━━━━━━┓[0m                                  
                                 [1;37;40m┃                                          TABLA DE PROCESOS[1;37;40m                                         ┃[0m                                  
                                 [1;37;40m┗━━━━━━━━━━━━━━━━━━━━━━━━━━━━━━━━━━━━━━━━━━━━━━━━━━━━━━━━━━━━━━━━━━━━━━━━━━━━━━━━━━━━━━━━━━━━━━━━━━━━┛[0m                                  

                                        [1;37;40m┏━━━━━━━━━━┳━━━━━━━━━━┳━━━━━━━━━━┳━━━━━━━━━━┳━━━━━━━━━━┳━━━━━━━━━━┳━━━━━━━━━━┳━━━━━━━━━━┓[0m                                        
                                        [1;37;40m┃  Proceso ┃  Llegada ┃ Ejecución┃  Tamaño  ┃  Estado  ┃ Respuesta┃  Espera  ┃ Restante ┃[0m                                        
                                        [1;30;46m[1;30;46m┃    P01   ┃     2    ┃    10    ┃     3    ┃ Terminado┃    10    ┃     0    ┃     0    ┃[0m                                        
                                        [1;30;41m[1;30;41m┃    P02   ┃    20    ┃     3    ┃     5    ┃ Terminado┃     3    ┃     0    ┃     0    ┃[0m                                        
                                        [1;30;41m┗━━━━━━━━━━┻━━━━━━━━━━┻━━━━━━━━━━┻━━━━━━━━━━┻━━━━━━━━━━┻━━━━━━━━━━┻━━━━━━━━━━┻━━━━━━━━━━┛[0m                                        

                                 [1;30;44m┏━━━━━━━━━━━━━━━━━━━━━━━━━━━━━━━━━━━━━━━━━━━━━━━━━━━━━━━━━━━━━━━━━━━━━━━━━━━━━━━━━━━━━━━━━━━━━━━━━━━━┓[0m                                  
                                 [1;30;44m┃                   Tiempo Medio de Respuesta: 6,50 - Tiempo Medio de Espera: 0,00[1;30;44m                   ┃[0m                                  
                                 [1;30;44m┗━━━━━━━━━━━━━━━━━━━━━━━━━━━━━━━━━━━━━━━━━━━━━━━━━━━━━━━━━━━━━━━━━━━━━━━━━━━━━━━━━━━━━━━━━━━━━━━━━━━━┛[0m                                  

                                 [1;37;40m┏━━━━━━━━━━━━━━━━━━━━━━━━━━━━━━━━━━━━━━━━━━━━━━━━━━━━━━━━━━━━━━━━━━━━━━━━━━━━━━━━━━━━━━━━━━━━━━━━━━━━┓[0m                                  
                                 [1;37;40m┃                                           USO DE MEMORIA[1;37;40m                                           ┃[0m                                  
                                 [1;37;40m┗━━━━━━━━━━━━━━━━━━━━━━━━━━━━━━━━━━━━━━━━━━━━━━━━━━━━━━━━━━━━━━━━━━━━━━━━━━━━━━━━━━━━━━━━━━━━━━━━━━━━┛[0m                                  
				                              
				[1;30;47m   [0m[1;30;47m   [0m[1;30;47m   [0m[1;30;47m   [0m[1;30;47m   [0m[1;30;47m   [0m[1;30;47m   [0m[1;30;47m   [0m[1;30;47m   [0m[1;30;47m   [0m[0;37m 10[0m
				0  [0m                          9[0m

                                 [1;37;40m┏━━━━━━━━━━━━━━━━━━━━━━━━━━━━━━━━━━━━━━━━━━━━━━━━━━━━━━━━━━━━━━━━━━━━━━━━━━━━━━━━━━━━━━━━━━━━━━━━━━━━┓[0m                                  
                                 [1;37;40m┃                                           LINEA DE TIEMPO[1;37;40m                                          ┃[0m                                  
                                 [1;37;40m┗━━━━━━━━━━━━━━━━━━━━━━━━━━━━━━━━━━━━━━━━━━━━━━━━━━━━━━━━━━━━━━━━━━━━━━━━━━━━━━━━━━━━━━━━━━━━━━━━━━━━┛[0m                                  
				[0;36mP01                           [0m[0;31mP02      [0m
				[0;30;46m                              [0m[0;30;41m         [0m
				[0;36m2                           12[0m[0;31m20     23[0m

                                                          [1;30;42m┏━━━━━━━━━━━━━━━━━━━━━━━━━━━━━━━━━━━━━━━━━━━━━━━━━━┓[0m                                                           
                                                          [1;30;42m┃       ¡Gracias por usar nuestro algoritmo![1;30;42m       ┃[0m                                                           
                                                          [1;30;42m┃       Visita nuestro repositorio aquí abajo[1;30;42m      ┃[0m                                                           
                                                          [1;30;42m┗━━━━━━━━━━━━━━━━━━━━━━━━━━━━━━━━━━━━━━━━━━━━━━━━━━┛[0m                                                           

                                                                [1;37;40m┏━━━━━━━━━━━━━━━━━━━━━━━━━━━━━━━━━━━━━━┓[0m                                                                 
                                                                [1;37;40m┃   ▄▄▄▄▄▄▄   ▄ ▄▄▄▄   ▄▄  ▄▄ ▄▄▄▄▄▄▄[1;37;40m  ┃[0m                                                                 
                                                                [1;37;40m┃   █ ▄▄▄ █ ▀ ▀ ▄█▀█▀ █ ▀▄█▄▀ █ ▄▄▄ █[1;37;40m  ┃[0m                                                                 
                                                                [1;37;40m┃   █ ███ █ ▀█▀ ▀ ▀█▄▀ █▄▄█▄  █ ███ █[1;37;40m  ┃[0m                                                                 
                                                                [1;37;40m┃   █▄▄▄▄▄█ █▀▄▀█ ▄ ▄ ▄ ▄ ▄ ▄ █▄▄▄▄▄█[1;37;40m  ┃[0m                                                                 
                                                                [1;37;40m┃   ▄▄▄▄▄ ▄▄▄█▀█  ▀ █▄█▀▄▀█ ▄▄ ▄ ▄ ▄ [1;37;40m  ┃[0m                                                                 
                                                                [1;37;40m┃   ▀▄▄ ▀▄▄▄▄ █ ▀███▄█▀▀█▄ ▀▄ ▀▄▄▄▀█▀[1;37;40m  ┃[0m                                                                 
                                                                [1;37;40m┃   █▀██ ▄▄ ▄▄▄ █▀▄█ ▄ ▀ ▀█ ▄█▀▄█▄▀  [1;37;40m  ┃[0m                                                                 
                                                                [1;37;40m┃   █▄█ █ ▄ ██▄▄▄  ▀▀  ▀█▀▀  ▄██▄  █▀[1;37;40m  ┃[0m                                                                 
                                                                [1;37;40m┃   ▄▄▀▄██▄▄█▄▀█  ▀ ▀▄▀▀▄▀█  █▀█▄ ▀▄ [1;37;40m  ┃[0m                                                                 
                                                                [1;37;40m┃    ▀▄▀▄█▄█ █▀ ▀███ ▄▄▀█ ▄▀▄▄█  █ █▀[1;37;40m  ┃[0m                                                                 
                                                                [1;37;40m┃   ▄▄▄  ▀▄█ █▀ █▀▄ ▀▄▀▄▀▀██▄▀  ▄ ▀▄ [1;37;40m  ┃[0m                                                                 
                                                                [1;37;40m┃   █ █  █▄▄▀██▄▄  ▄█ ▀▀ █▀▀ ▄█▄ █ █▀[1;37;40m  ┃[0m                                                                 
                                                                [1;37;40m┃   █ ▄███▄▀█ ▄█  ▀█ ▄ ▄ ▀  █████▀▀ ▄[1;37;40m  ┃[0m                                                                 
                                                                [1;37;40m┃   ▄▄▄▄▄▄▄ █▀█ ▀██▄▀ ▀▀█▄▄▄█ ▄ ██▀▄▀[1;37;40m  ┃[0m                                                                 
                                                                [1;37;40m┃   █ ▄▄▄ █ ▄█▄ █▀▄▄█▄▄▀▄▀█▀█▄▄▄█▀▀█▀[1;37;40m  ┃[0m                                                                 
                                                                [1;37;40m┃   █ ███ █ █ █▄▄  ▄██▀▀█▀ ▄▄▀▄▀▀▄▄▀▀[1;37;40m  ┃[0m                                                                 
                                                                [1;37;40m┃   █▄▄▄▄▄█ █▄▄█  ▀▀     ▀▄█▄▄▀▀ █▀▄ [1;37;40m  ┃[0m                                                                 
                                                                [1;37;40m┃                    [1;37;40m                  ┃[0m                                                                 
                                                                [1;37;40m┗━━━━━━━━━━━━━━━━━━━━━━━━━━━━━━━━━━━━━━┛[0m                                                                 
